<?xml version="1.0" encoding="UTF-8"?>
<beans xmlns="http://www.springframework.org/schema/beans" xmlns:xsi="http://www.w3.org/2001/XMLSchema-instance"
                xmlns:p="http://www.springframework.org/schema/p"
                xmlns:context="http://www.springframework.org/schema/context"
                xmlns:aop="http://www.springframework.org/schema/aop"
                xmlns:tx="http://www.springframework.org/schema/tx"
                xsi:schemaLocation="http://www.springframework.org/schema/beans http://www.springframework.org/schema/beans/spring-beans-3.0.xsd
                                http://www.springframework.org/schema/context http://www.springframework.org/schema/context/spring-context-3.0.xsd
                                http://www.springframework.org/schema/aop http://www.springframework.org/schema/aop/spring-aop-3.0.xsd
                                http://www.springframework.org/schema/tx http://www.springframework.org/schema/tx/spring-tx-3.0.xsd">

	<context:component-scan base-package="com.livescribe" />
	<context:annotation-config />
	<tx:annotation-driven />

	<import resource="classpath:lsversion-context.xml" />
	
	<bean id="fsResourceLoader" class="org.springframework.core.io.FileSystemResourceLoader" />
	
	<bean id="servletContext" class="org.springframework.mock.web.MockServletContext">
	    <constructor-arg name="resourceBasePath" value="/target/test-classes" />
	    <constructor-arg name="resourceLoader" ref="fsResourceLoader" />
		<property name="servletContextName" value="testServletContext" />
	</bean>
	
<!-- 	<bean id="versionService"		class="com.livescribe.framework.version.service.VersionServiceImpl" /> -->

	<!-- 
	==================================================
		DAO Beans
	================================================== -->
	<bean id="versionDao" class="com.livescribe.framework.version.dao.CustomVersionDao" />
	<bean id="versionHistoryDao" class="com.livescribe.framework.version.dao.CustomVersionHistoryDao" />
	
</beans>
