<?xml version="1.0" encoding="UTF-8"?>
<beans xmlns="http://www.springframework.org/schema/beans" xmlns:xsi="http://www.w3.org/2001/XMLSchema-instance"
                xmlns:p="http://www.springframework.org/schema/p"
                xmlns:context="http://www.springframework.org/schema/context"
                xmlns:tx="http://www.springframework.org/schema/tx"
                xsi:schemaLocation="http://www.springframework.org/schema/beans http://www.springframework.org/schema/beans/spring-beans-3.0.xsd
                                http://www.springframework.org/schema/context http://www.springframework.org/schema/context/spring-context-3.0.xsd
                                http://www.springframework.org/schema/tx http://www.springframework.org/schema/tx/spring-tx-3.0.xsd">

	<context:component-scan base-package="com.livescribe.web.registration" />
	<context:annotation-config />
	<tx:annotation-driven />

	<import resource="classpath:application-context.xml" />
	
	<!-- This bean mocks the Servlet context name that would normally exist in the running
		Web application. -->
	<bean id="servletContext" class="org.springframework.mock.web.MockServletContext">
		<property name="servletContextName" value="lsregistration" />
	</bean>

	<bean name="jdbcTemplate" class="org.springframework.jdbc.core.JdbcTemplate">
		<property name="dataSource" ref="dataSource" />
	</bean>

	<bean name="jdbcTemplateManufacturing" class="org.springframework.jdbc.core.JdbcTemplate">
		<property name="dataSource" ref="dataSourceManufacturing" />
	</bean>

</beans>
