<?xml version="1.0" encoding="UTF-8"?>
<beans xmlns="http://www.springframework.org/schema/beans" xmlns:xsi="http://www.w3.org/2001/XMLSchema-instance"
                xmlns:p="http://www.springframework.org/schema/p"
                xmlns:context="http://www.springframework.org/schema/context"
                xmlns:aop="http://www.springframework.org/schema/aop"
                xmlns:tx="http://www.springframework.org/schema/tx"
                xsi:schemaLocation="http://www.springframework.org/schema/beans http://www.springframework.org/schema/beans/spring-beans-4.0.xsd
                                http://www.springframework.org/schema/context http://www.springframework.org/schema/context/spring-context-4.0.xsd
                                http://www.springframework.org/schema/aop http://www.springframework.org/schema/aop/spring-aop-4.0.xsd
                                http://www.springframework.org/schema/tx http://www.springframework.org/schema/tx/spring-tx-4.0.xsd">

	<import resource="classpath:application-context.xml" />
	
	<!-- This bean mocks the Servlet context name that would normally exist in the running
		Web application. -->
	<bean id="servletContext" class="org.springframework.mock.web.MockServletContext">
		<property name="servletContextName" value="springboot" />
	</bean>

</beans>
